2026-06-19 18:15:56.126 [info] Reading sessions from keychain...
2026-06-19 18:15:56.126 [info] Got stored sessions!
2026-06-19 18:15:56.126 [info] Got 1 verified sessions.
2026-06-19 18:15:56.126 [info] Getting sessions for all scopes...
2026-06-19 18:15:56.126 [info] Got 1 sessions for ...
2026-06-19 18:15:56.126 [info] Getting sessions for all scopes...
2026-06-19 18:15:56.126 [info] Got 1 sessions for ...
2026-06-19 18:15:56.126 [info] Getting sessions for all scopes...
2026-06-19 18:15:56.126 [info] Got 1 sessions for ...
2026-06-19 18:15:56.126 [info] Getting sessions for all scopes...
2026-06-19 18:15:56.126 [info] Got 1 sessions for ...
2026-06-19 18:15:56.126 [info] Getting sessions for all scopes...
2026-06-19 18:15:56.126 [info] Got 1 sessions for ...
2026-06-19 18:15:56.126 [info] Getting sessions for all scopes...
2026-06-19 18:15:56.126 [info] Got 1 sessions for ...
2026-06-19 18:15:56.126 [info] Getting sessions for all scopes...
2026-06-19 18:15:56.126 [info] Got 1 sessions for ...
2026-06-19 18:15:56.126 [info] Getting sessions for all scopes...
2026-06-19 18:15:56.126 [info] Got 1 sessions for ...
2026-06-19 18:15:56.126 [info] Getting sessions for read:user,repo,user:email,workflow...
2026-06-19 18:15:56.126 [info] Got 1 sessions for read:user,repo,user:email,workflow...
2026-06-19 18:15:57.491 [info] Getting sessions for all scopes...
2026-06-19 18:15:57.492 [info] Got 1 sessions for ...
2026-06-19 18:15:57.492 [info] Getting sessions for all scopes...
2026-06-19 18:15:57.492 [info] Got 1 sessions for ...
2026-06-19 18:15:57.500 [info] Getting sessions for read:user,repo,user:email,workflow...
2026-06-19 18:15:57.500 [info] Got 1 sessions for read:user,repo,user:email,workflow...
2026-06-19 18:15:58.080 [info] Getting sessions for all scopes...
2026-06-19 18:15:58.080 [info] Got 1 sessions for ...
2026-06-19 18:15:58.080 [info] Getting sessions for all scopes...
2026-06-19 18:15:58.080 [info] Got 1 sessions for ...
2026-06-19 18:15:58.687 [info] Getting sessions for read:user,repo,user:email,workflow...
2026-06-19 18:15:58.687 [info] Got 1 sessions for read:user,repo,user:email,workflow...
2026-06-19 18:15:59.222 [info] Getting sessions for all scopes...
2026-06-19 18:15:59.222 [info] Got 1 sessions for ...
2026-06-19 18:15:59.230 [info] Getting sessions for read:user,repo,user:email,workflow...
2026-06-19 18:15:59.230 [info] Got 1 sessions for read:user,repo,user:email,workflow...
2026-06-19 18:16:02.345 [info] Getting sessions for all scopes...
2026-06-19 18:16:02.345 [info] Got 1 sessions for ...
2026-06-19 18:16:02.348 [info] Getting sessions for all scopes...
2026-06-19 18:16:02.348 [info] Got 1 sessions for ...
2026-06-19 18:16:08.640 [info] Getting sessions for all scopes...
2026-06-19 18:16:08.640 [info] Got 1 sessions for ...
2026-06-19 18:16:08.645 [info] Getting sessions for read:user,repo,user:email,workflow...
2026-06-19 18:16:08.645 [info] Got 1 sessions for read:user,repo,user:email,workflow...
2026-06-19 18:16:17.928 [info] Reading sessions from keychain...
2026-06-19 18:16:17.928 [info] Getting sessions for all scopes...
2026-06-19 18:16:17.928 [info] Got stored sessions!
2026-06-19 18:16:17.928 [info] Got 1 verified sessions.
2026-06-19 18:16:17.928 [info] Got 1 sessions for ...
2026-06-19 18:16:17.928 [info] Getting sessions for all scopes...
2026-06-19 18:16:17.928 [info] Got 1 sessions for ...
2026-06-19 18:16:17.928 [info] Getting sessions for all scopes...
2026-06-19 18:16:17.928 [info] Got 1 sessions for ...
2026-06-19 18:16:17.928 [info] Getting sessions for all scopes...
2026-06-19 18:16:17.928 [info] Got 1 sessions for ...
2026-06-19 18:16:17.928 [info] Getting sessions for all scopes...
2026-06-19 18:16:17.928 [info] Got 1 sessions for ...
2026-06-19 18:16:17.928 [info] Getting sessions for all scopes...
2026-06-19 18:16:17.928 [info] Got 1 sessions for ...
2026-06-19 18:16:17.928 [info] Getting sessions for all scopes...
2026-06-19 18:16:17.928 [info] Got 1 sessions for ...
2026-06-19 18:16:17.928 [info] Getting sessions for all scopes...
2026-06-19 18:16:17.928 [info] Got 1 sessions for ...
2026-06-19 18:16:17.936 [info] Getting sessions for read:user,repo,user:email,workflow...
2026-06-19 18:16:17.936 [info] Got 1 sessions for read:user,repo,user:email,workflow...
2026-06-19 18:16:18.825 [info] Getting sessions for all scopes...
2026-06-19 18:16:18.825 [info] Got 1 sessions for ...
2026-06-19 18:16:18.825 [info] Getting sessions for all scopes...
2026-06-19 18:16:18.825 [info] Got 1 sessions for ...
2026-06-19 18:16:18.836 [info] Getting sessions for read:user,repo,user:email,workflow...
2026-06-19 18:16:18.837 [info] Got 1 sessions for read:user,repo,user:email,workflow...
2026-06-19 18:16:20.026 [info] Getting sessions for all scopes...
2026-06-19 18:16:20.026 [info] Got 1 sessions for ...
2026-06-19 18:16:20.027 [info] Getting sessions for all scopes...
2026-06-19 18:16:20.027 [info] Got 1 sessions for ...
2026-06-19 18:16:20.757 [info] Getting sessions for read:user,repo,user:email,workflow...
2026-06-19 18:16:20.757 [info] Got 1 sessions for read:user,repo,user:email,workflow...
2026-06-19 18:16:21.345 [info] Getting sessions for all scopes...
2026-06-19 18:16:21.345 [info] Got 1 sessions for ...
2026-06-19 18:16:21.395 [info] Getting sessions for read:user,repo,user:email,workflow...
2026-06-19 18:16:21.395 [info] Got 1 sessions for read:user,repo,user:email,workflow...
2026-06-19 18:17:06.940 [info] Getting sessions for all scopes...
2026-06-19 18:17:06.940 [info] Got 1 sessions for ...
2026-06-19 18:17:06.941 [info] Getting sessions for all scopes...
2026-06-19 18:17:06.941 [info] Got 1 sessions for ...
