2026-06-14 17:01:39.841 [info] Reading sessions from keychain...
2026-06-14 17:01:39.841 [info] Getting sessions for all scopes...
2026-06-14 17:01:39.841 [info] Got 0 sessions for ...
2026-06-14 17:01:39.841 [info] Getting sessions for all scopes...
2026-06-14 17:01:39.841 [info] Got 0 sessions for ...
2026-06-14 17:01:39.841 [info] Getting sessions for all scopes...
2026-06-14 17:01:39.841 [info] Got 0 sessions for ...
2026-06-14 17:01:39.841 [info] Getting sessions for all scopes...
2026-06-14 17:01:39.841 [info] Got 0 sessions for ...
2026-06-14 17:01:39.841 [info] Getting sessions for all scopes...
2026-06-14 17:01:39.841 [info] Got 0 sessions for ...
2026-06-14 17:03:05.261 [info] Logging in with google,  'any' account...
2026-06-14 17:03:05.262 [info] Logging in for the following scopes: read:user repo user:email workflow
2026-06-14 17:03:05.281 [info] Trying device code flow... (read:user repo user:email workflow)
2026-06-14 17:04:26.665 [info] Getting user info...
2026-06-14 17:04:27.236 [info] Got account info!
2026-06-14 17:04:27.237 [info] Storing 1 sessions...
2026-06-14 17:04:27.245 [info] Reading sessions from keychain...
2026-06-14 17:04:27.245 [info] Stored 1 sessions!
2026-06-14 17:04:27.246 [info] Login success!
2026-06-14 17:04:27.261 [info] Got stored sessions!
2026-06-14 17:04:27.261 [info] Got 1 verified sessions.
2026-06-14 17:04:27.368 [info] Getting sessions for all scopes...
2026-06-14 17:04:27.368 [info] Got 1 sessions for ...
2026-06-14 17:04:27.369 [info] Getting sessions for all scopes...
2026-06-14 17:04:27.369 [info] Got 1 sessions for ...
2026-06-14 17:04:38.545 [info] Getting sessions for all scopes...
2026-06-14 17:04:38.546 [info] Got 1 sessions for ...
2026-06-14 17:04:38.546 [info] Getting sessions for all scopes...
2026-06-14 17:04:38.546 [info] Got 1 sessions for ...
2026-06-14 17:04:38.802 [info] Getting sessions for all scopes...
2026-06-14 17:04:38.802 [info] Got 1 sessions for ...
2026-06-14 17:04:38.871 [info] Getting sessions for read:user,repo,user:email,workflow...
2026-06-14 17:04:38.871 [info] Got 1 sessions for read:user,repo,user:email,workflow...
2026-06-14 17:04:39.521 [info] Getting sessions for all scopes...
2026-06-14 17:04:39.522 [info] Got 1 sessions for ...
2026-06-14 17:04:39.522 [info] Getting sessions for all scopes...
2026-06-14 17:04:39.522 [info] Got 1 sessions for ...
2026-06-14 17:04:39.529 [info] Getting sessions for read:user,repo,user:email,workflow...
2026-06-14 17:04:39.529 [info] Got 1 sessions for read:user,repo,user:email,workflow...
2026-06-14 17:04:39.916 [info] Getting sessions for all scopes...
2026-06-14 17:04:39.916 [info] Got 1 sessions for ...
2026-06-14 17:04:39.917 [info] Getting sessions for all scopes...
2026-06-14 17:04:39.917 [info] Got 1 sessions for ...
2026-06-14 17:04:39.946 [info] Getting sessions for read:user,repo,user:email,workflow...
2026-06-14 17:04:39.946 [info] Got 1 sessions for read:user,repo,user:email,workflow...
2026-06-14 17:04:39.978 [info] Getting sessions for all scopes...
2026-06-14 17:04:39.979 [info] Got 1 sessions for ...
2026-06-14 17:04:39.982 [info] Getting sessions for all scopes...
2026-06-14 17:04:39.982 [info] Got 1 sessions for ...
2026-06-14 17:04:40.001 [info] Getting sessions for all scopes...
2026-06-14 17:04:40.001 [info] Got 1 sessions for ...
2026-06-14 17:04:40.003 [info] Getting sessions for read:user,repo,user:email,workflow...
2026-06-14 17:04:40.003 [info] Got 1 sessions for read:user,repo,user:email,workflow...
2026-06-14 17:04:40.288 [info] Getting sessions for all scopes...
2026-06-14 17:04:40.288 [info] Got 1 sessions for ...
2026-06-14 17:04:40.291 [info] Getting sessions for read:user,repo,user:email,workflow...
2026-06-14 17:04:40.291 [info] Got 1 sessions for read:user,repo,user:email,workflow...
2026-06-14 17:04:40.369 [info] Getting sessions for all scopes...
2026-06-14 17:04:40.369 [info] Got 1 sessions for ...
2026-06-14 17:04:40.371 [info] Getting sessions for read:user,repo,user:email,workflow...
2026-06-14 17:04:40.371 [info] Got 1 sessions for read:user,repo,user:email,workflow...
2026-06-14 17:04:40.451 [info] Getting sessions for all scopes...
2026-06-14 17:04:40.451 [info] Got 1 sessions for ...
2026-06-14 17:04:40.453 [info] Getting sessions for read:user,repo,user:email,workflow...
2026-06-14 17:04:40.453 [info] Got 1 sessions for read:user,repo,user:email,workflow...
2026-06-14 17:29:44.264 [info] Getting sessions for all scopes...
2026-06-14 17:29:44.264 [info] Got 1 sessions for ...
2026-06-14 17:29:44.265 [info] Getting sessions for all scopes...
2026-06-14 17:29:44.265 [info] Got 1 sessions for ...
