[Cline] Setting up VS Code host...
LOG [DistinctId] initialized:
DEBUG [AgentConfigLoader] Loaded 0 agent config(s) from disk.
LOG PostHog client initialized
LOG [BannerService] initialized
LOG [Controller] ClineProvider instantiated
DEBUG Token expired or expiring soon, attempting refresh (attempt 1/3). API Base URL: https://api.cline.bot
LOG [Cline] extension activated in 2005.111973000001 ms
LOG [OTEL] Creating MeterProvider with exporters: otlp
LOG [OTEL] OTLP metrics reader created (http/json, interval: 60000ms)
LOG [OTEL] MeterProvider initialized with 1 reader(s)
LOG [OTEL] Creating LoggerProvider with exporters: otlp
LOG [OTEL] OTLP logs exporter created (http/json)
LOG [OTEL] Log batch processor configured: maxQueue=2048, batchSize=512, timeout=5000ms
LOG [OTEL] LoggerProvider initialized
LOG [OTEL DEBUG] OpenTelemetry initialization complete
LOG [OTEL] Provider initialized - Logger: true, Meter: true
INFO TelemetryProviderFactory: Created providers - PostHogTelemetryProvider, OpenTelemetryProvider
INFO [TelemetryService] Initialized with 2 telemetry provider(s)
LOG FileContextTracker: Processed 3 tasks, found 0 pending warnings, 0 orphaned, deleted 0, took 87ms
ERROR Token refresh failed (attempt 1/3):
LOG [DistinctId] Updating...
DEBUG Waiting 29s before retry attempt 2/3
INFO [BannerService] Fetched
