2026-06-17 20:09:24.780 [info] Reading sessions from keychain...
2026-06-17 20:09:24.780 [info] Got stored sessions!
2026-06-17 20:09:24.780 [info] Got 1 verified sessions.
2026-06-17 20:09:24.780 [info] Getting sessions for all scopes...
2026-06-17 20:09:24.780 [info] Got 1 sessions for ...
2026-06-17 20:09:24.780 [info] Getting sessions for all scopes...
2026-06-17 20:09:24.780 [info] Got 1 sessions for ...
2026-06-17 20:09:24.780 [info] Getting sessions for all scopes...
2026-06-17 20:09:24.780 [info] Got 1 sessions for ...
2026-06-17 20:09:24.780 [info] Getting sessions for all scopes...
2026-06-17 20:09:24.780 [info] Got 1 sessions for ...
2026-06-17 20:09:24.780 [info] Getting sessions for all scopes...
2026-06-17 20:09:24.780 [info] Got 1 sessions for ...
2026-06-17 20:09:24.780 [info] Getting sessions for all scopes...
2026-06-17 20:09:24.780 [info] Got 1 sessions for ...
2026-06-17 20:09:24.780 [info] Getting sessions for all scopes...
2026-06-17 20:09:24.780 [info] Got 1 sessions for ...
2026-06-17 20:09:24.780 [info] Getting sessions for all scopes...
2026-06-17 20:09:24.780 [info] Got 1 sessions for ...
2026-06-17 20:09:24.780 [info] Getting sessions for all scopes...
2026-06-17 20:09:24.780 [info] Got 1 sessions for ...
2026-06-17 20:09:24.780 [info] Getting sessions for all scopes...
2026-06-17 20:09:24.780 [info] Got 1 sessions for ...
2026-06-17 20:09:24.784 [info] Getting sessions for read:user,repo,user:email,workflow...
2026-06-17 20:09:24.784 [info] Got 1 sessions for read:user,repo,user:email,workflow...
2026-06-17 20:09:25.868 [info] Getting sessions for all scopes...
2026-06-17 20:09:25.868 [info] Got 1 sessions for ...
2026-06-17 20:09:26.373 [info] Getting sessions for read:user,repo,user:email,workflow...
2026-06-17 20:09:26.373 [info] Got 1 sessions for read:user,repo,user:email,workflow...
2026-06-17 20:09:26.672 [info] Getting sessions for all scopes...
2026-06-17 20:09:26.672 [info] Got 1 sessions for ...
2026-06-17 20:09:26.734 [info] Getting sessions for all scopes...
2026-06-17 20:09:26.734 [info] Got 1 sessions for ...
2026-06-17 20:09:26.766 [info] Getting sessions for read:user,repo,user:email,workflow...
2026-06-17 20:09:26.766 [info] Got 1 sessions for read:user,repo,user:email,workflow...
2026-06-17 20:09:27.120 [info] Getting sessions for all scopes...
2026-06-17 20:09:27.120 [info] Got 1 sessions for ...
2026-06-17 20:09:27.125 [info] Getting sessions for read:user,repo,user:email,workflow...
2026-06-17 20:09:27.125 [info] Got 1 sessions for read:user,repo,user:email,workflow...
2026-06-17 20:09:29.843 [info] Getting sessions for all scopes...
2026-06-17 20:09:29.843 [info] Got 1 sessions for ...
2026-06-17 20:09:29.853 [info] Getting sessions for read:user,repo,user:email,workflow...
2026-06-17 20:09:29.853 [info] Got 1 sessions for read:user,repo,user:email,workflow...
2026-06-17 20:09:30.065 [info] Getting sessions for all scopes...
2026-06-17 20:09:30.065 [info] Got 1 sessions for ...
