2026-07-04 09:07:47.223 [info] Reading sessions from keychain...
2026-07-04 09:07:47.223 [info] Got stored sessions!
2026-07-04 09:07:47.223 [info] Got 1 verified sessions.
2026-07-04 09:07:47.223 [info] Getting sessions for all scopes...
2026-07-04 09:07:47.223 [info] Got 1 sessions for ...
2026-07-04 09:07:47.223 [info] Getting sessions for all scopes...
2026-07-04 09:07:47.223 [info] Got 1 sessions for ...
2026-07-04 09:07:47.223 [info] Getting sessions for all scopes...
2026-07-04 09:07:47.223 [info] Got 1 sessions for ...
2026-07-04 09:07:47.223 [info] Getting sessions for all scopes...
2026-07-04 09:07:47.223 [info] Got 1 sessions for ...
2026-07-04 09:07:47.281 [info] Getting sessions for all scopes...
2026-07-04 09:07:47.281 [info] Got 1 sessions for ...
2026-07-04 09:07:47.483 [info] Getting sessions for all scopes...
2026-07-04 09:07:47.483 [info] Got 1 sessions for ...
2026-07-04 09:07:50.632 [info] Getting sessions for all scopes...
2026-07-04 09:07:50.632 [info] Got 1 sessions for ...
2026-07-04 09:07:50.632 [info] Getting sessions for all scopes...
2026-07-04 09:07:50.632 [info] Got 1 sessions for ...
2026-07-04 09:07:50.928 [info] Getting sessions for all scopes...
2026-07-04 09:07:50.928 [info] Got 1 sessions for ...
2026-07-04 09:07:50.989 [info] Getting sessions for read:user,repo,user:email,workflow...
2026-07-04 09:07:50.989 [info] Got 1 sessions for read:user,repo,user:email,workflow...
2026-07-04 09:07:52.363 [info] Getting sessions for all scopes...
2026-07-04 09:07:52.363 [info] Got 1 sessions for ...
2026-07-04 09:07:52.364 [info] Getting sessions for all scopes...
2026-07-04 09:07:52.364 [info] Got 1 sessions for ...
2026-07-04 09:07:52.451 [info] Getting sessions for read:user,repo,user:email,workflow...
2026-07-04 09:07:52.451 [info] Got 1 sessions for read:user,repo,user:email,workflow...
2026-07-04 09:07:52.727 [info] Getting sessions for all scopes...
2026-07-04 09:07:52.727 [info] Got 1 sessions for ...
2026-07-04 09:07:52.727 [info] Getting sessions for all scopes...
2026-07-04 09:07:52.727 [info] Got 1 sessions for ...
2026-07-04 09:07:52.920 [info] Getting sessions for read:user,repo,user:email,workflow...
2026-07-04 09:07:52.920 [info] Got 1 sessions for read:user,repo,user:email,workflow...
2026-07-04 09:07:53.130 [info] Getting sessions for all scopes...
2026-07-04 09:07:53.130 [info] Got 1 sessions for ...
2026-07-04 09:07:53.135 [info] Getting sessions for read:user,repo,user:email,workflow...
2026-07-04 09:07:53.135 [info] Got 1 sessions for read:user,repo,user:email,workflow...
2026-07-04 09:07:53.554 [info] Getting sessions for all scopes...
2026-07-04 09:07:53.554 [info] Got 1 sessions for ...
2026-07-04 09:07:53.558 [info] Getting sessions for read:user,repo,user:email,workflow...
2026-07-04 09:07:53.559 [info] Got 1 sessions for read:user,repo,user:email,workflow...
2026-07-04 09:07:53.654 [info] Getting sessions for all scopes...
2026-07-04 09:07:53.654 [info] Got 1 sessions for ...
2026-07-04 09:07:53.661 [info] Getting sessions for read:user,repo,user:email,workflow...
2026-07-04 09:07:53.661 [info] Got 1 sessions for read:user,repo,user:email,workflow...
2026-07-04 09:07:54.229 [info] Getting sessions for all scopes...
2026-07-04 09:07:54.229 [info] Got 1 sessions for ...
2026-07-04 09:07:54.235 [info] Getting sessions for read:user,repo,user:email,workflow...
2026-07-04 09:07:54.235 [info] Got 1 sessions for read:user,repo,user:email,workflow...
2026-07-04 09:07:54.953 [info] Getting sessions for all scopes...
2026-07-04 09:07:54.953 [info] Got 1 sessions for ...
2026-07-04 09:07:54.957 [info] Getting sessions for all scopes...
2026-07-04 09:07:54.957 [info] Got 1 sessions for ...
2026-07-04 09:08:04.328 [info] Getting sessions for all scopes...
2026-07-04 09:08:04.329 [info] Got 1 sessions for ...
2026-07-04 09:08:04.329 [info] Getting sessions for all scopes...
2026-07-04 09:08:04.329 [info] Got 1 sessions for ...
