2026-06-16 02:27:21.053 [info] Reading sessions from keychain...
2026-06-16 02:27:21.053 [info] Got stored sessions!
2026-06-16 02:27:21.053 [info] Got 1 verified sessions.
2026-06-16 02:27:21.053 [info] Getting sessions for all scopes...
2026-06-16 02:27:21.053 [info] Got 1 sessions for ...
2026-06-16 02:27:21.053 [info] Getting sessions for all scopes...
2026-06-16 02:27:21.053 [info] Got 1 sessions for ...
2026-06-16 02:27:21.053 [info] Getting sessions for all scopes...
2026-06-16 02:27:21.053 [info] Got 1 sessions for ...
2026-06-16 02:27:21.053 [info] Getting sessions for all scopes...
2026-06-16 02:27:21.053 [info] Got 1 sessions for ...
2026-06-16 02:27:21.053 [info] Getting sessions for all scopes...
2026-06-16 02:27:21.053 [info] Got 1 sessions for ...
2026-06-16 02:27:21.053 [info] Getting sessions for all scopes...
2026-06-16 02:27:21.053 [info] Got 1 sessions for ...
2026-06-16 02:27:21.053 [info] Getting sessions for all scopes...
2026-06-16 02:27:21.053 [info] Got 1 sessions for ...
2026-06-16 02:27:21.053 [info] Getting sessions for all scopes...
2026-06-16 02:27:21.053 [info] Got 1 sessions for ...
2026-06-16 02:27:21.053 [info] Getting sessions for read:user,repo,user:email,workflow...
2026-06-16 02:27:21.053 [info] Got 1 sessions for read:user,repo,user:email,workflow...
2026-06-16 02:27:23.157 [info] Getting sessions for all scopes...
2026-06-16 02:27:23.157 [info] Got 1 sessions for ...
2026-06-16 02:27:23.160 [info] Getting sessions for all scopes...
2026-06-16 02:27:23.160 [info] Got 1 sessions for ...
2026-06-16 02:27:23.405 [info] Getting sessions for read:user,repo,user:email,workflow...
2026-06-16 02:27:23.405 [info] Got 1 sessions for read:user,repo,user:email,workflow...
2026-06-16 02:27:24.015 [info] Getting sessions for all scopes...
2026-06-16 02:27:24.015 [info] Got 1 sessions for ...
2026-06-16 02:27:24.015 [info] Getting sessions for all scopes...
2026-06-16 02:27:24.015 [info] Got 1 sessions for ...
2026-06-16 02:27:24.124 [info] Getting sessions for read:user,repo,user:email,workflow...
2026-06-16 02:27:24.124 [info] Got 1 sessions for read:user,repo,user:email,workflow...
2026-06-16 02:27:24.345 [info] Getting sessions for all scopes...
2026-06-16 02:27:24.345 [info] Got 1 sessions for ...
2026-06-16 02:27:24.358 [info] Getting sessions for read:user,repo,user:email,workflow...
2026-06-16 02:27:24.358 [info] Got 1 sessions for read:user,repo,user:email,workflow...
2026-06-16 02:27:24.762 [info] Getting sessions for all scopes...
2026-06-16 02:27:24.762 [info] Got 1 sessions for ...
2026-06-16 02:27:24.821 [info] Getting sessions for read:user,repo,user:email,workflow...
2026-06-16 02:27:24.821 [info] Got 1 sessions for read:user,repo,user:email,workflow...
2026-06-16 02:27:27.470 [info] Getting sessions for all scopes...
2026-06-16 02:27:27.470 [info] Got 1 sessions for ...
2026-06-16 02:27:27.472 [info] Getting sessions for all scopes...
2026-06-16 02:27:27.472 [info] Got 1 sessions for ...
2026-06-16 02:27:46.973 [info] Getting sessions for all scopes...
2026-06-16 02:27:46.973 [info] Got 1 sessions for ...
2026-06-16 02:27:46.974 [info] Getting sessions for all scopes...
2026-06-16 02:27:46.974 [info] Got 1 sessions for ...
