2026-06-19 18:15:56.336 [info] [aebc6443-996d-45c2-90f0-388ff96faa56] Native Broker enabled: false
2026-06-19 18:15:56.800 [info] [getSessions] [all] starting
2026-06-19 18:15:56.800 [info] [getSessions] [all] returned 0 session(s)
2026-06-19 18:15:56.800 [info] [getSessions] [all] starting
2026-06-19 18:15:56.800 [info] [getSessions] [all] returned 0 session(s)
2026-06-19 18:15:56.800 [info] [getSessions] [all] starting
2026-06-19 18:15:56.800 [info] [getSessions] [all] returned 0 session(s)
2026-06-19 18:15:56.885 [info] [getSessions] [499b84ac-1321-427f-aa17-267ca6975798/.default offline_access] starting
2026-06-19 18:15:56.885 [info] [aebc6443-996d-45c2-90f0-388ff96faa56] Native Broker enabled: false
2026-06-19 18:15:56.938 [info] [getSessions] [499b84ac-1321-427f-aa17-267ca6975798/.default offline_access] returned 0 session(s)
2026-06-19 18:15:57.492 [info] [getSessions] [499b84ac-1321-427f-aa17-267ca6975798/.default offline_access] starting
2026-06-19 18:15:57.492 [info] [getSessions] [499b84ac-1321-427f-aa17-267ca6975798/.default offline_access] returned 0 session(s)
2026-06-19 18:16:09.950 [info] Microsoft Authentication is deactivating...
2026-06-19 18:16:17.934 [info] [aebc6443-996d-45c2-90f0-388ff96faa56] Native Broker enabled: false
2026-06-19 18:16:18.240 [info] [getSessions] [all] starting
2026-06-19 18:16:18.240 [info] [getSessions] [all] returned 0 session(s)
2026-06-19 18:16:18.241 [info] [getSessions] [all] starting
2026-06-19 18:16:18.241 [info] [getSessions] [all] returned 0 session(s)
2026-06-19 18:16:18.241 [info] [getSessions] [all] starting
2026-06-19 18:16:18.241 [info] [getSessions] [all] returned 0 session(s)
2026-06-19 18:16:18.827 [info] [getSessions] [499b84ac-1321-427f-aa17-267ca6975798/.default offline_access] starting
2026-06-19 18:16:18.827 [info] [aebc6443-996d-45c2-90f0-388ff96faa56] Native Broker enabled: false
2026-06-19 18:16:18.838 [info] [getSessions] [499b84ac-1321-427f-aa17-267ca6975798/.default offline_access] returned 0 session(s)
2026-06-19 18:17:07.697 [info] Microsoft Authentication is deactivating...
